<?xml version="1.0" encoding="UTF-8"?>
<!-- Generated by org.testng.reporters.JUnitReportReporter -->
<testsuite hostname="LAPTOP-BPR3FB0Q" failures="0" tests="1" name="testRunner.TestNGTestRunner$TestRunner" time="25.706" errors="0" timestamp="2022-05-26T12:52:41 IST" skipped="0">
  <testcase classname="testRunner.TestNGTestRunner$TestRunner" name="runScenario" time="25.706"/>
  <system-out/>
</testsuite> <!-- testRunner.TestNGTestRunner$TestRunner -->
